#
# There is insufficient memory for the Java Runtime Environment to continue.
# Native memory allocation (malloc) failed to allocate 1283696 bytes for Chunk::new
# Possible reasons:
#   The system is out of physical RAM or swap space
#   The process is running with CompressedOops enabled, and the Java Heap may be blocking the growth of the native heap
# Possible solutions:
#   Reduce memory load on the system
#   Increase physical memory or swap space
#   Check if swap backing store is full
#   Decrease Java heap size (-Xmx/-Xms)
#   Decrease number of Java threads
#   Decrease Java thread stack sizes (-Xss)
#   Set larger code cache with -XX:ReservedCodeCacheSize=
#   JVM is running with Unscaled Compressed Oops mode in which the Java heap is
#     placed in the first 4GB address space. The Java Heap base address is the
#     maximum limit for the native heap growth. Please use -XX:HeapBaseMinAddress
#     to set the Java Heap base and to place the Java Heap above 4GB virtual address.
# This output file may be truncated or incomplete.
#
#  Out of Memory Error (allocation.cpp:389), pid=10252, tid=0x0000000000000180
#
# JRE version: OpenJDK Runtime Environment (8.0_212-b04) (build 1.8.0_212-release-1586-b04)
# Java VM: OpenJDK 64-Bit Server VM (25.212-b04 mixed mode windows-amd64 compressed oops)
# Failed to write core dump. Minidumps are not enabled by default on client versions of Windows
#

---------------  T H R E A D  ---------------

Current thread (0x00000000162e7800):  JavaThread "C2 CompilerThread0" daemon [_thread_in_native, id=384, stack(0x0000000017910000,0x0000000017a10000)]

Stack: [0x0000000017910000,0x0000000017a10000]
[error occurred during error reporting (printing stack bounds), id 0xc0000005]

Native frames: (J=compiled Java code, j=interpreted, Vv=VM code, C=native code)


Current CompileTask:
C2:1090901 25074       4       com.android.tools.r8.u.b.T::b (1128 bytes)


---------------  P R O C E S S  ---------------

Java Threads: ( => current thread )
  0x0000000017e43000 JavaThread "WorkerExecutor Queue Thread 5" [_thread_blocked, id=9228, stack(0x000000002f460000,0x000000002f560000)]
  0x0000000017e42000 JavaThread "Cache worker for Java compile cache (C:\Users\NALIN\Desktop\Final_Project\UniversityStudents\.gradle\5.6.4\javaCompile)" [_thread_blocked, id=8416, stack(0x000000002f060000,0x000000002f160000)]
  0x0000000017e48000 JavaThread "Cache worker for Java compile cache (C:\Users\NALIN\.gradle\caches\5.6.4\javaCompile)" [_thread_blocked, id=8228, stack(0x000000002ef60000,0x000000002f060000)]
  0x0000000017e47800 JavaThread "MarlinRenderer Disposer" daemon [_thread_blocked, id=1328, stack(0x0000000029f50000,0x000000002a050000)]
  0x0000000017e40000 JavaThread "Java2D Disposer" daemon [_thread_blocked, id=11064, stack(0x0000000029e50000,0x0000000029f50000)]
  0x0000000017e46800 JavaThread "WorkerExecutor Queue Thread 4" [_thread_blocked, id=11284, stack(0x0000000029a50000,0x0000000029b50000)]
  0x0000000017e46000 JavaThread "WorkerExecutor Queue Thread 2" [_thread_blocked, id=5560, stack(0x0000000029850000,0x0000000029950000)]
  0x0000000017e3f000 JavaThread "stdout" [_thread_in_native, id=11440, stack(0x0000000029750000,0x0000000029850000)]
  0x0000000017e40800 JavaThread "stderr" [_thread_in_native, id=10028, stack(0x0000000029650000,0x0000000029750000)]
  0x000000001c6ec000 JavaThread "stdout" [_thread_in_native, id=10932, stack(0x0000000029550000,0x0000000029650000)]
  0x000000001df88800 JavaThread "stdout" [_thread_in_native, id=9520, stack(0x0000000029450000,0x0000000029550000)]
  0x000000001df88000 JavaThread "stderr" [_thread_in_native, id=11632, stack(0x0000000029350000,0x0000000029450000)]
  0x000000001df86800 JavaThread "stderr" [_thread_in_native, id=8432, stack(0x0000000029250000,0x0000000029350000)]
  0x000000001df87000 JavaThread "stdout" [_thread_in_native, id=11244, stack(0x0000000029150000,0x0000000029250000)]
  0x000000001df8a000 JavaThread "stderr" [_thread_in_native, id=9224, stack(0x0000000029050000,0x0000000029150000)]
  0x000000001df85800 JavaThread "pool-18-thread-1" [_thread_blocked, id=8504, stack(0x0000000028f50000,0x0000000029050000)]
  0x000000001df89800 JavaThread "Cache worker for execution history cache (C:\Users\NALIN\Desktop\Final_Project\UniversityStudents\.gradle\5.6.4\executionHistory)" [_thread_blocked, id=4760, stack(0x0000000028150000,0x0000000028250000)]
  0x000000001c6ee800 JavaThread "Execution worker for ':' Thread 3" [_thread_in_Java, id=7808, stack(0x0000000028050000,0x0000000028150000)]
  0x000000001c6ed800 JavaThread "Execution worker for ':' Thread 2" [_thread_in_Java, id=10980, stack(0x0000000027f50000,0x0000000028050000)]
  0x000000001c6ed000 JavaThread "Execution worker for ':'" [_thread_in_Java, id=9256, stack(0x0000000027e50000,0x0000000027f50000)]
  0x000000001c6ea000 JavaThread "Cache worker for file content cache (C:\Users\NALIN\Desktop\Final_Project\UniversityStudents\.gradle\5.6.4\fileContent)" [_thread_blocked, id=8264, stack(0x0000000027c50000,0x0000000027d50000)]
  0x000000001c6f0800 JavaThread "Cache worker for file content cache (C:\Users\NALIN\.gradle\caches\5.6.4\fileContent)" [_thread_blocked, id=8892, stack(0x0000000027b50000,0x0000000027c50000)]
  0x000000001c6eb800 JavaThread "Cache worker for Build Output Cleanup Cache (C:\Users\NALIN\Desktop\Final_Project\UniversityStudents\.gradle\buildOutputCleanup)" [_thread_blocked, id=11084, stack(0x0000000027a50000,0x0000000027b50000)]
  0x000000001f188800 JavaThread "Build operations Thread 4" [_thread_blocked, id=2748, stack(0x0000000027950000,0x0000000027a50000)]
  0x000000001f186800 JavaThread "Build operations Thread 3" [_thread_blocked, id=11628, stack(0x0000000027850000,0x0000000027950000)]
  0x000000001f188000 JavaThread "Build operations Thread 2" [_thread_blocked, id=4548, stack(0x0000000027750000,0x0000000027850000)]
  0x000000001f17a000 JavaThread "Build operations" [_thread_blocked, id=7244, stack(0x0000000027650000,0x0000000027750000)]
  0x000000001f185800 JavaThread "Cache worker for cache directory md-rule (C:\Users\NALIN\.gradle\caches\5.6.4\md-rule)" [_thread_blocked, id=8020, stack(0x0000000027550000,0x0000000027650000)]
  0x000000001f187000 JavaThread "Cache worker for cache directory md-supplier (C:\Users\NALIN\.gradle\caches\5.6.4\md-supplier)" [_thread_blocked, id=5800, stack(0x0000000027450000,0x0000000027550000)]
  0x000000001f17e800 JavaThread "Cache worker for file hash cache (C:\Users\NALIN\Desktop\Final_Project\UniversityStudents\.gradle\5.6.4\fileHashes)" [_thread_blocked, id=7636, stack(0x0000000027350000,0x0000000027450000)]
  0x000000001f184800 JavaThread "Thread-40" [_thread_blocked, id=10944, stack(0x0000000027250000,0x0000000027350000)]
  0x000000001f17c800 JavaThread "Asynchronous log dispatcher for DefaultDaemonConnection: socket connection from /127.0.0.1:13615 to /127.0.0.1:14107" [_thread_blocked, id=9644, stack(0x0000000027050000,0x0000000027150000)]
  0x000000001f180000 JavaThread "Daemon worker Thread 2" [_thread_in_native, id=7416, stack(0x0000000026f50000,0x0000000027050000)]
  0x000000001f17b800 JavaThread "Cancel handler" [_thread_blocked, id=504, stack(0x0000000026e50000,0x0000000026f50000)]
  0x000000001f17d000 JavaThread "Handler for socket connection from /127.0.0.1:13615 to /127.0.0.1:14107" [_thread_in_native, id=5812, stack(0x0000000026d50000,0x0000000026e50000)]
  0x00000000190c4000 JavaThread "Daemon Thread 2" [_thread_blocked, id=11188, stack(0x0000000026c50000,0x0000000026d50000)]
  0x000000001f181800 JavaThread "Memory manager" [_thread_blocked, id=9580, stack(0x0000000023110000,0x0000000023210000)]
  0x000000001f17f800 JavaThread "Cache worker for execution history cache (C:\Users\NALIN\.gradle\caches\5.6.4\executionHistory)" [_thread_blocked, id=7112, stack(0x00000000200e0000,0x00000000201e0000)]
  0x00000000190c6800 JavaThread "Cache worker for journal cache (C:\Users\NALIN\.gradle\caches\journal-1)" [_thread_blocked, id=10676, stack(0x000000001bfd0000,0x000000001c0d0000)]
  0x00000000190ca800 JavaThread "File lock request listener" [_thread_in_native, id=12136, stack(0x000000001bed0000,0x000000001bfd0000)]
  0x00000000190c9000 JavaThread "Cache worker for file hash cache (C:\Users\NALIN\.gradle\caches\5.6.4\fileHashes)" [_thread_blocked, id=5044, stack(0x000000001bbd0000,0x000000001bcd0000)]
  0x0000000017e94800 JavaThread "Daemon periodic checks" [_thread_blocked, id=7776, stack(0x000000001b1d0000,0x000000001b2d0000)]
  0x0000000017e8c800 JavaThread "Incoming local TCP Connector on port 13615" [_thread_in_native, id=9796, stack(0x000000001aff0000,0x000000001b0f0000)]
  0x0000000019b8b800 JavaThread "Daemon health stats" [_thread_blocked, id=7252, stack(0x000000001a9b0000,0x000000001aab0000)]
  0x0000000017c38800 JavaThread "Service Thread" daemon [_thread_blocked, id=10996, stack(0x0000000018010000,0x0000000018110000)]
  0x00000000162e1000 JavaThread "C1 CompilerThread2" daemon [_thread_in_vm, id=3712, stack(0x0000000017b10000,0x0000000017c10000)]
  0x00000000162dc000 JavaThread "C2 CompilerThread1" daemon [_thread_in_native, id=9884, stack(0x0000000017a10000,0x0000000017b10000)]
=>0x00000000162e7800 JavaThread "C2 CompilerThread0" daemon [_thread_in_native, id=384, stack(0x0000000017910000,0x0000000017a10000)]
  0x00000000162e6800 JavaThread "Attach Listener" daemon [_thread_blocked, id=10248, stack(0x0000000017810000,0x0000000017910000)]
  0x00000000162e5800 JavaThread "Signal Dispatcher" daemon [_thread_blocked, id=6496, stack(0x0000000017710000,0x0000000017810000)]
  0x000000000296e000 JavaThread "Finalizer" daemon [_thread_blocked, id=6384, stack(0x0000000017530000,0x0000000017630000)]
  0x0000000002963000 JavaThread "Reference Handler" daemon [_thread_blocked, id=3628, stack(0x0000000017430000,0x0000000017530000)]
  0x000000000270d800 JavaThread "main" [_thread_blocked, id=11596, stack(0x0000000002770000,0x0000000002870000)]

Other Threads:
  0x00000000162a5800 VMThread [stack: 0x0000000017330000,0x0000000017430000] [id=4748]
  0x0000000017c3d000 WatcherThread [stack: 0x0000000018110000,0x0000000018210000] [id=5140]

VM state:not at safepoint (normal execution)

VM Mutex/Monitor currently owned by a thread: None

heap address: 0x00000000a0000000, size: 1536 MB, Compressed Oops mode: 32-bit
Narrow klass base: 0x0000000000000000, Narrow klass shift: 3
Compressed class space size: 1073741824 Address: 0x0000000100000000

Heap:
 PSYoungGen      total 475136K, used 245570K [0x00000000e0000000, 0x00000000ff980000, 0x0000000100000000)
  eden space 433664K, 52% used [0x00000000e0000000,0x00000000edfd9030,0x00000000fa780000)
  from space 41472K, 39% used [0x00000000fd100000,0x00000000fe0f7818,0x00000000ff980000)
  to   space 41984K, 0% used [0x00000000fa780000,0x00000000fa780000,0x00000000fd080000)
 ParOldGen       total 227840K, used 175100K [0x00000000a0000000, 0x00000000ade80000, 0x00000000e0000000)
  object space 227840K, 76% used [0x00000000a0000000,0x00000000aaaff388,0x00000000ade80000)
 Metaspace       used 126787K, capacity 132424K, committed 133632K, reserved 1165312K
  class space    used 16055K, capacity 17295K, committed 17664K, reserved 1048576K

Card table byte_map: [0x0000000011d30000,0x0000000012040000] byte_map_base: 0x0000000011830000

Marking Bits: (ParMarkBitMap*) 0x0000000071c49f30
 Begin Bits: [0x0000000012640000, 0x0000000013e40000)
 End Bits:   [0x0000000013e40000, 0x0000000015640000)

Polling page: 0x0000000000ae0000

CodeCache: size=245760Kb used=75221Kb max_used=76285Kb free=170538Kb
 bounds [0x0000000002970000, 0x0000000007460000, 0x0000000011970000]
 total_blobs=20965 nmethods=19926 adapters=949
 compilation: enabled

Compilation events (10 events):
Event: 1089.979 Thread 0x00000000162e1000 25632       2       java.util.TreeMap::buildFromSorted (27 bytes)
Event: 1089.979 Thread 0x00000000162e1000 nmethod 25632 0x0000000004b6be10 code [0x0000000004b6bf80, 0x0000000004b6c1e8]
Event: 1089.983 Thread 0x00000000162e1000 25633       2       java.util.TreeMap::computeRedLevel (24 bytes)
Event: 1089.984 Thread 0x00000000162e1000 nmethod 25633 0x000000000396b9d0 code [0x000000000396bb20, 0x000000000396bcd0]
Event: 1090.017 Thread 0x00000000162e1000 25634       2       com.android.tools.r8.dex.p::a (1 bytes)
Event: 1090.017 Thread 0x00000000162e1000 nmethod 25634 0x0000000003a981d0 code [0x0000000003a98320, 0x0000000003a98470]
Event: 1090.099 Thread 0x00000000162e1000 25636       2       com.android.tools.r8.code.L0::<init> (44 bytes)
Event: 1090.099 Thread 0x00000000162e1000 nmethod 25636 0x000000000656a890 code [0x000000000656a9e0, 0x000000000656ab30]
Event: 1090.154 Thread 0x00000000162e1000 25637       2       com.sun.jmx.mbeanserver.StandardMBeanIntrospector::getInstance (4 bytes)
Event: 1090.154 Thread 0x00000000162e1000 nmethod 25637 0x0000000006578290 code [0x00000000065783e0, 0x0000000006578510]

GC Heap History (10 events):
Event: 1076.909 GC heap before
{Heap before GC invocations=33 (full 5):
 PSYoungGen      total 468992K, used 439685K [0x00000000e0000000, 0x00000000ffe80000, 0x0000000100000000)
  eden space 416768K, 100% used [0x00000000e0000000,0x00000000f9700000,0x00000000f9700000)
  from space 52224K, 43% used [0x00000000f9700000,0x00000000fad61738,0x00000000fca00000)
  to   space 50176K, 0% used [0x00000000fcd80000,0x00000000fcd80000,0x00000000ffe80000)
 ParOldGen       total 227840K, used 130247K [0x00000000a0000000, 0x00000000ade80000, 0x00000000e0000000)
  object space 227840K, 57% used [0x00000000a0000000,0x00000000a7f31e60,0x00000000ade80000)
 Metaspace       used 126536K, capacity 132234K, committed 133632K, reserved 1165312K
  class space    used 16048K, capacity 17288K, committed 17664K, reserved 1048576K
Event: 1076.953 GC heap after
Heap after GC invocations=33 (full 5):
 PSYoungGen      total 469504K, used 8255K [0x00000000e0000000, 0x00000000ffc00000, 0x0000000100000000)
  eden space 421888K, 0% used [0x00000000e0000000,0x00000000e0000000,0x00000000f9c00000)
  from space 47616K, 17% used [0x00000000fcd80000,0x00000000fd58ff88,0x00000000ffc00000)
  to   space 49152K, 0% used [0x00000000f9c00000,0x00000000f9c00000,0x00000000fcc00000)
 ParOldGen       total 227840K, used 149235K [0x00000000a0000000, 0x00000000ade80000, 0x00000000e0000000)
  object space 227840K, 65% used [0x00000000a0000000,0x00000000a91bccb8,0x00000000ade80000)
 Metaspace       used 126536K, capacity 132234K, committed 133632K, reserved 1165312K
  class space    used 16048K, capacity 17288K, committed 17664K, reserved 1048576K
}
Event: 1079.613 GC heap before
{Heap before GC invocations=34 (full 5):
 PSYoungGen      total 469504K, used 430143K [0x00000000e0000000, 0x00000000ffc00000, 0x0000000100000000)
  eden space 421888K, 100% used [0x00000000e0000000,0x00000000f9c00000,0x00000000f9c00000)
  from space 47616K, 17% used [0x00000000fcd80000,0x00000000fd58ff88,0x00000000ffc00000)
  to   space 49152K, 0% used [0x00000000f9c00000,0x00000000f9c00000,0x00000000fcc00000)
 ParOldGen       total 227840K, used 149235K [0x00000000a0000000, 0x00000000ade80000, 0x00000000e0000000)
  object space 227840K, 65% used [0x00000000a0000000,0x00000000a91bccb8,0x00000000ade80000)
 Metaspace       used 126576K, capacity 132246K, committed 133632K, reserved 1165312K
  class space    used 16051K, capacity 17290K, committed 17664K, reserved 1048576K
Event: 1079.666 GC heap after
Heap after GC invocations=34 (full 5):
 PSYoungGen      total 471040K, used 9197K [0x00000000e0000000, 0x00000000ffe80000, 0x0000000100000000)
  eden space 421888K, 0% used [0x00000000e0000000,0x00000000e0000000,0x00000000f9c00000)
  from space 49152K, 18% used [0x00000000f9c00000,0x00000000fa4fb7d0,0x00000000fcc00000)
  to   space 47616K, 0% used [0x00000000fd000000,0x00000000fd000000,0x00000000ffe80000)
 ParOldGen       total 227840K, used 155815K [0x00000000a0000000, 0x00000000ade80000, 0x00000000e0000000)
  object space 227840K, 68% used [0x00000000a0000000,0x00000000a9829c50,0x00000000ade80000)
 Metaspace       used 126576K, capacity 132246K, committed 133632K, reserved 1165312K
  class space    used 16051K, capacity 17290K, committed 17664K, reserved 1048576K
}
Event: 1082.131 GC heap before
{Heap before GC invocations=35 (full 5):
 PSYoungGen      total 471040K, used 431085K [0x00000000e0000000, 0x00000000ffe80000, 0x0000000100000000)
  eden space 421888K, 100% used [0x00000000e0000000,0x00000000f9c00000,0x00000000f9c00000)
  from space 49152K, 18% used [0x00000000f9c00000,0x00000000fa4fb7d0,0x00000000fcc00000)
  to   space 47616K, 0% used [0x00000000fd000000,0x00000000fd000000,0x00000000ffe80000)
 ParOldGen       total 227840K, used 155815K [0x00000000a0000000, 0x00000000ade80000, 0x00000000e0000000)
  object space 227840K, 68% used [0x00000000a0000000,0x00000000a9829c50,0x00000000ade80000)
 Metaspace       used 126599K, capacity 132314K, committed 133632K, reserved 1165312K
  class space    used 16051K, capacity 17290K, committed 17664K, reserved 1048576K
Event: 1082.184 GC heap after
Heap after GC invocations=35 (full 5):
 PSYoungGen      total 473088K, used 8282K [0x00000000e0000000, 0x00000000ffc80000, 0x0000000100000000)
  eden space 427520K, 0% used [0x00000000e0000000,0x00000000e0000000,0x00000000fa180000)
  from space 45568K, 18% used [0x00000000fd000000,0x00000000fd816a80,0x00000000ffc80000)
  to   space 46592K, 0% used [0x00000000fa180000,0x00000000fa180000,0x00000000fcf00000)
 ParOldGen       total 227840K, used 162360K [0x00000000a0000000, 0x00000000ade80000, 0x00000000e0000000)
  object space 227840K, 71% used [0x00000000a0000000,0x00000000a9e8e058,0x00000000ade80000)
 Metaspace       used 126599K, capacity 132314K, committed 133632K, reserved 1165312K
  class space    used 16051K, capacity 17290K, committed 17664K, reserved 1048576K
}
Event: 1085.563 GC heap before
{Heap before GC invocations=36 (full 5):
 PSYoungGen      total 473088K, used 435802K [0x00000000e0000000, 0x00000000ffc80000, 0x0000000100000000)
  eden space 427520K, 100% used [0x00000000e0000000,0x00000000fa180000,0x00000000fa180000)
  from space 45568K, 18% used [0x00000000fd000000,0x00000000fd816a80,0x00000000ffc80000)
  to   space 46592K, 0% used [0x00000000fa180000,0x00000000fa180000,0x00000000fcf00000)
 ParOldGen       total 227840K, used 162360K [0x00000000a0000000, 0x00000000ade80000, 0x00000000e0000000)
  object space 227840K, 71% used [0x00000000a0000000,0x00000000a9e8e058,0x00000000ade80000)
 Metaspace       used 126727K, capacity 132420K, committed 133632K, reserved 1165312K
  class space    used 16054K, capacity 17295K, committed 17664K, reserved 1048576K
Event: 1085.701 GC heap after
Heap after GC invocations=36 (full 5):
 PSYoungGen      total 474112K, used 18846K [0x00000000e0000000, 0x00000000ffc00000, 0x0000000100000000)
  eden space 427520K, 0% used [0x00000000e0000000,0x00000000e0000000,0x00000000fa180000)
  from space 46592K, 40% used [0x00000000fa180000,0x00000000fb3e7848,0x00000000fcf00000)
  to   space 44032K, 0% used [0x00000000fd100000,0x00000000fd100000,0x00000000ffc00000)
 ParOldGen       total 227840K, used 168243K [0x00000000a0000000, 0x00000000ade80000, 0x00000000e0000000)
  object space 227840K, 73% used [0x00000000a0000000,0x00000000aa44cdb8,0x00000000ade80000)
 Metaspace       used 126727K, capacity 132420K, committed 133632K, reserved 1165312K
  class space    used 16054K, capacity 17295K, committed 17664K, reserved 1048576K
}
Event: 1089.181 GC heap before
{Heap before GC invocations=37 (full 5):
 PSYoungGen      total 474112K, used 446366K [0x00000000e0000000, 0x00000000ffc00000, 0x0000000100000000)
  eden space 427520K, 100% used [0x00000000e0000000,0x00000000fa180000,0x00000000fa180000)
  from space 46592K, 40% used [0x00000000fa180000,0x00000000fb3e7848,0x00000000fcf00000)
  to   space 44032K, 0% used [0x00000000fd100000,0x00000000fd100000,0x00000000ffc00000)
 ParOldGen       total 227840K, used 168243K [0x00000000a0000000, 0x00000000ade80000, 0x00000000e0000000)
  object space 227840K, 73% used [0x00000000a0000000,0x00000000aa44cdb8,0x00000000ade80000)
 Metaspace       used 126778K, capacity 132424K, committed 133632K, reserved 1165312K
  class space    used 16055K, capacity 17295K, committed 17664K, reserved 1048576K
Event: 1089.284 GC heap after
Heap after GC invocations=37 (full 5):
 PSYoungGen      total 475136K, used 16350K [0x00000000e0000000, 0x00000000ff980000, 0x0000000100000000)
  eden space 433664K, 0% used [0x00000000e0000000,0x00000000e0000000,0x00000000fa780000)
  from space 41472K, 39% used [0x00000000fd100000,0x00000000fe0f7818,0x00000000ff980000)
  to   space 41984K, 0% used [0x00000000fa780000,0x00000000fa780000,0x00000000fd080000)
 ParOldGen       total 227840K, used 175100K [0x00000000a0000000, 0x00000000ade80000, 0x00000000e0000000)
  object space 227840K, 76% used [0x00000000a0000000,0x00000000aaaff388,0x00000000ade80000)
 Metaspace       used 126778K, capacity 132424K, committed 133632K, reserved 1165312K
  class space    used 16055K, capacity 17295K, committed 17664K, reserved 1048576K
}

Deoptimization events (10 events):
Event: 1086.772 Thread 0x000000001f180000 Uncommon trap: reason=unstable_if action=reinterpret pc=0x00000000069b47d0 method=java.util.HashMap$EntrySpliterator.forEachRemaining(Ljava/util/function/Consumer;)V @ 75
Event: 1088.157 Thread 0x000000001c6ed000 Uncommon trap: reason=array_check action=maybe_recompile pc=0x0000000007399640 method=java.util.TimSort.mergeHi(IIII)V @ 657
Event: 1088.158 Thread 0x000000001c6ed000 Uncommon trap: reason=array_check action=maybe_recompile pc=0x0000000007399848 method=java.util.TimSort.mergeHi(IIII)V @ 524
Event: 1088.158 Thread 0x000000001c6ed000 Uncommon trap: reason=array_check action=maybe_recompile pc=0x0000000007399848 method=java.util.TimSort.mergeHi(IIII)V @ 524
Event: 1088.673 Thread 0x000000001c6ed800 Uncommon trap: reason=speculate_class_check action=maybe_recompile pc=0x00000000071dc370 method=com.android.tools.r8.u.c.J.a()Lcom/android/tools/r8/graph/E; @ 851
Event: 1088.682 Thread 0x000000001c6ed800 Uncommon trap: reason=bimorphic action=maybe_recompile pc=0x0000000006ef8184 method=com.android.tools.r8.u.b.i1.a(Lcom/android/tools/r8/ir/analysis/type/k;)Lcom/android/tools/r8/u/b/i1; @ 23
Event: 1089.136 Thread 0x000000001f180000 Uncommon trap: reason=class_check action=maybe_recompile pc=0x0000000006321d7c method=com.android.tools.r8.u.a.h.e.b(Lcom/android/tools/r8/u/b/d0;)V @ 379
Event: 1089.145 Thread 0x000000001f180000 Uncommon trap: reason=speculate_class_check action=maybe_recompile pc=0x00000000071dc370 method=com.android.tools.r8.u.c.J.a()Lcom/android/tools/r8/graph/E; @ 851
Event: 1089.462 Thread 0x000000001c6ee800 Uncommon trap: reason=unstable_if action=reinterpret pc=0x0000000006ea82bc method=com.android.tools.r8.v.a.a.a.f.x0$e.contains(Ljava/lang/Object;)Z @ 176
Event: 1090.021 Thread 0x000000001c6ed000 Uncommon trap: reason=unstable_if action=reinterpret pc=0x00000000073f25f0 method=java.util.TimSort.mergeHi(IIII)V @ 584

Classes redefined (0 events):
No events

Internal exceptions (10 events):
Event: 1087.378 Thread 0x000000001f180000 Exception <a 'sun/nio/fs/WindowsException'> (0x00000000ea435f20) thrown at [D:\src\AOSP-openjdk-cygwin\jdk8u\hotspot\src\share\vm\prims\jni.cpp, line 710]
Event: 1087.387 Thread 0x000000001c6ee800 Exception <a 'sun/nio/fs/WindowsException'> (0x00000000ea3b2878) thrown at [D:\src\AOSP-openjdk-cygwin\jdk8u\hotspot\src\share\vm\prims\jni.cpp, line 710]
Event: 1087.728 Thread 0x000000001f180000 Exception <a 'sun/nio/fs/WindowsException'> (0x00000000ed7b01a8) thrown at [D:\src\AOSP-openjdk-cygwin\jdk8u\hotspot\src\share\vm\prims\jni.cpp, line 710]
Event: 1088.216 Thread 0x000000001c6ee800 Exception <a 'sun/nio/fs/WindowsException'> (0x00000000f07fd3b8) thrown at [D:\src\AOSP-openjdk-cygwin\jdk8u\hotspot\src\share\vm\prims\jni.cpp, line 710]
Event: 1088.259 Thread 0x000000001c6ed000 Exception <a 'sun/nio/fs/WindowsException'> (0x00000000f14deb48) thrown at [D:\src\AOSP-openjdk-cygwin\jdk8u\hotspot\src\share\vm\prims\jni.cpp, line 710]
Event: 1088.872 Thread 0x000000001c6ed000 Exception <a 'sun/nio/fs/WindowsException'> (0x00000000f56efc88) thrown at [D:\src\AOSP-openjdk-cygwin\jdk8u\hotspot\src\share\vm\prims\jni.cpp, line 710]
Event: 1088.917 Thread 0x000000001c6ee800 Exception <a 'sun/nio/fs/WindowsException'> (0x00000000f6e35178) thrown at [D:\src\AOSP-openjdk-cygwin\jdk8u\hotspot\src\share\vm\prims\jni.cpp, line 710]
Event: 1089.518 Thread 0x000000001f180000 Exception <a 'sun/nio/fs/WindowsException'> (0x00000000e2dbc9e8) thrown at [D:\src\AOSP-openjdk-cygwin\jdk8u\hotspot\src\share\vm\prims\jni.cpp, line 710]
Event: 1090.029 Thread 0x000000001c6ed000 Exception <a 'sun/nio/fs/WindowsException'> (0x00000000e5e69fd8) thrown at [D:\src\AOSP-openjdk-cygwin\jdk8u\hotspot\src\share\vm\prims\jni.cpp, line 710]
Event: 1090.218 Thread 0x000000001c6ed000 Exception <a 'sun/nio/fs/WindowsException'> (0x00000000e82c43f0) thrown at [D:\src\AOSP-openjdk-cygwin\jdk8u\hotspot\src\share\vm\prims\jni.cpp, line 710]

Events (10 events):
Event: 1090.143 Thread 0x000000001c6ee800 DEOPT PACKING pc=0x00000000066c20f5 sp=0x000000002814a710
Event: 1090.143 Thread 0x000000001c6ee800 DEOPT UNPACKING pc=0x00000000029b75d0 sp=0x000000002814a738 mode 0
Event: 1090.148 Thread 0x000000001c6ee800 DEOPT PACKING pc=0x00000000066889dc sp=0x000000002814a870
Event: 1090.148 Thread 0x000000001c6ee800 DEOPT UNPACKING pc=0x00000000029b75d0 sp=0x000000002814a758 mode 0
Event: 1090.158 Thread 0x000000001f180000 DEOPT PACKING pc=0x0000000005f256d6 sp=0x0000000027049570
Event: 1090.158 Thread 0x000000001f180000 DEOPT UNPACKING pc=0x00000000029b75d0 sp=0x0000000027049330 mode 0
Event: 1090.195 Thread 0x000000001c6ed000 DEOPT PACKING pc=0x0000000005f2569e sp=0x0000000027f4bf40
Event: 1090.195 Thread 0x000000001c6ed000 DEOPT UNPACKING pc=0x00000000029b75d0 sp=0x0000000027f4bcf8 mode 0
Event: 1090.220 Thread 0x000000001c6ed800 DEOPT PACKING pc=0x00000000066c167d sp=0x000000002804acf0
Event: 1090.220 Thread 0x000000001c6ed800 DEOPT UNPACKING pc=0x00000000029b75d0 sp=0x000000002804ad20 mode 0


Dynamic libraries:
0x00007ff780d20000 - 0x00007ff780d51000 	C:\Program Files\Android\Android Studio\jre\bin\java.exe
0x00007ff84eff0000 - 0x00007ff84f1b1000 	C:\Windows\SYSTEM32\ntdll.dll
0x00007ff84cbf0000 - 0x00007ff84cc9d000 	C:\Windows\system32\KERNEL32.DLL
0x00007ff84b6f0000 - 0x00007ff84b8d8000 	C:\Windows\system32\KERNELBASE.dll
0x00007ff84ec00000 - 0x00007ff84eca7000 	C:\Windows\system32\ADVAPI32.dll
0x00007ff84c3f0000 - 0x00007ff84c48d000 	C:\Windows\system32\msvcrt.dll
0x00007ff84d220000 - 0x00007ff84d27b000 	C:\Windows\system32\sechost.dll
0x00007ff84c950000 - 0x00007ff84ca6d000 	C:\Windows\system32\RPCRT4.dll
0x00007ff84eaa0000 - 0x00007ff84ebf6000 	C:\Windows\system32\USER32.dll
0x00007ff84d3b0000 - 0x00007ff84d537000 	C:\Windows\system32\GDI32.dll
0x00007ff839f90000 - 0x00007ff83a204000 	C:\Windows\WinSxS\amd64_microsoft.windows.common-controls_6595b64144ccf1df_6.0.10586.839_none_a2ddba30a539a2ae\COMCTL32.dll
0x00007ff84ed70000 - 0x00007ff84efee000 	C:\Windows\system32\combase.dll
0x00007ff84c000000 - 0x00007ff84c06a000 	C:\Windows\system32\bcryptPrimitives.dll
0x00007ff84ed30000 - 0x00007ff84ed6b000 	C:\Windows\system32\IMM32.DLL
0x0000000071d80000 - 0x0000000071e52000 	C:\Program Files\Android\Android Studio\jre\jre\bin\msvcr100.dll
0x0000000071480000 - 0x0000000071cc6000 	C:\Program Files\Android\Android Studio\jre\jre\bin\server\jvm.dll
0x00007ff84c940000 - 0x00007ff84c948000 	C:\Windows\system32\PSAPI.DLL
0x00007ff849dd0000 - 0x00007ff849df3000 	C:\Windows\SYSTEM32\WINMM.dll
0x00007ff83e3b0000 - 0x00007ff83e3ba000 	C:\Windows\SYSTEM32\VERSION.dll
0x00007ff844280000 - 0x00007ff844289000 	C:\Windows\SYSTEM32\WSOCK32.dll
0x00007ff84ecb0000 - 0x00007ff84ed1b000 	C:\Windows\system32\WS2_32.dll
0x0000000002610000 - 0x000000000263c000 	C:\Windows\SYSTEM32\WINMMBASE.dll
0x00007ff84b6a0000 - 0x00007ff84b6e3000 	C:\Windows\system32\cfgmgr32.dll
0x00007ff844150000 - 0x00007ff84415f000 	C:\Program Files\Android\Android Studio\jre\jre\bin\verify.dll
0x00007ff83f4f0000 - 0x00007ff83f519000 	C:\Program Files\Android\Android Studio\jre\jre\bin\java.dll
0x00007ff83f670000 - 0x00007ff83f686000 	C:\Program Files\Android\Android Studio\jre\jre\bin\zip.dll
0x00007ff84d540000 - 0x00007ff84ea9c000 	C:\Windows\system32\SHELL32.dll
0x00007ff84b900000 - 0x00007ff84bf45000 	C:\Windows\system32\windows.storage.dll
0x00007ff84d280000 - 0x00007ff84d2d2000 	C:\Windows\system32\shlwapi.dll
0x00007ff84b680000 - 0x00007ff84b68f000 	C:\Windows\system32\kernel.appcore.dll
0x00007ff84c0d0000 - 0x00007ff84c185000 	C:\Windows\system32\shcore.dll
0x00007ff84b610000 - 0x00007ff84b65b000 	C:\Windows\system32\powrprof.dll
0x00007ff84b660000 - 0x00007ff84b674000 	C:\Windows\system32\profapi.dll
0x00007ff83d8a0000 - 0x00007ff83d8ba000 	C:\Program Files\Android\Android Studio\jre\jre\bin\net.dll
0x00007ff83f200000 - 0x00007ff83f3b7000 	C:\Windows\SYSTEM32\urlmon.dll
0x00007ff841dc0000 - 0x00007ff84214a000 	C:\Windows\SYSTEM32\iertutil.dll
0x00007ff84aee0000 - 0x00007ff84af3c000 	C:\Windows\system32\mswsock.dll
0x00007ff83d880000 - 0x00007ff83d893000 	C:\Program Files\Android\Android Studio\jre\jre\bin\nio.dll
0x00007ff832c40000 - 0x00007ff832c66000 	C:\Users\NALIN\.gradle\native\30\windows-amd64\native-platform.dll
0x00007ff83f950000 - 0x00007ff83f95d000 	C:\Program Files\Android\Android Studio\jre\jre\bin\management.dll
0x00007ff84af90000 - 0x00007ff84afa7000 	C:\Windows\SYSTEM32\CRYPTSP.dll
0x00007ff84ac20000 - 0x00007ff84ac54000 	C:\Windows\system32\rsaenh.dll
0x00007ff84b540000 - 0x00007ff84b569000 	C:\Windows\SYSTEM32\bcrypt.dll
0x00007ff84ad70000 - 0x00007ff84ad8f000 	C:\Windows\SYSTEM32\USERENV.dll
0x00007ff84b530000 - 0x00007ff84b53b000 	C:\Windows\SYSTEM32\CRYPTBASE.dll
0x00007ff8492f0000 - 0x00007ff849328000 	C:\Windows\SYSTEM32\IPHLPAPI.DLL
0x00007ff84ca70000 - 0x00007ff84ca78000 	C:\Windows\system32\NSI.dll
0x00007ff83fe60000 - 0x00007ff83fe76000 	C:\Windows\SYSTEM32\dhcpcsvc6.DLL
0x00007ff83fe40000 - 0x00007ff83fe5a000 	C:\Windows\SYSTEM32\dhcpcsvc.DLL
0x00007ff837b60000 - 0x00007ff837b84000 	C:\Program Files\Android\Android Studio\jre\jre\bin\sunec.dll
0x00007ff84a1f0000 - 0x00007ff84a29a000 	C:\Windows\SYSTEM32\DNSAPI.dll
0x00007ff83e5f0000 - 0x00007ff83e5fa000 	C:\Windows\System32\rasadhlp.dll
0x00007ff8404c0000 - 0x00007ff840527000 	C:\Windows\System32\fwpuclnt.dll
0x00007ff83f170000 - 0x00007ff83f17b000 	C:\Program Files\Android\Android Studio\jre\jre\bin\sunmscapi.dll
0x00007ff84c190000 - 0x00007ff84c358000 	C:\Windows\system32\CRYPT32.dll
0x00007ff84b690000 - 0x00007ff84b6a0000 	C:\Windows\system32\MSASN1.dll
0x00007ff84a480000 - 0x00007ff84a4b1000 	C:\Windows\SYSTEM32\ntmarta.dll
0x00007ff839060000 - 0x00007ff8390fc000 	C:\Windows\SYSTEM32\efswrt.dll
0x00007ff84d2e0000 - 0x00007ff84d3a6000 	C:\Windows\system32\OLEAUT32.dll
0x00007ff8433b0000 - 0x00007ff8434e6000 	C:\Windows\SYSTEM32\wintypes.dll
0x00007ff839a50000 - 0x00007ff839aa0000 	C:\Windows\SYSTEM32\edputil.dll
0x00007ff84a170000 - 0x00007ff84a1e9000 	C:\Windows\system32\apphelp.dll
0x00007ff825350000 - 0x00007ff8254ec000 	C:\Program Files\Android\Android Studio\jre\jre\bin\awt.dll
0x00007ff8489c0000 - 0x00007ff8489e2000 	C:\Windows\SYSTEM32\dwmapi.dll
0x00007ff844440000 - 0x00007ff844985000 	C:\Windows\SYSTEM32\d2d1.dll
0x00007ff84a2c0000 - 0x00007ff84a356000 	C:\Windows\system32\uxtheme.dll

VM Arguments:
jvm_args: -Xmx1536m -Dfile.encoding=windows-1252 -Duser.country=US -Duser.language=en -Duser.variant 
java_command: org.gradle.launcher.daemon.bootstrap.GradleDaemon 5.6.4
java_class_path (initial): C:\Users\NALIN\.gradle\wrapper\dists\gradle-5.6.4-all\ankdp27end7byghfw1q2sw75f\gradle-5.6.4\lib\gradle-launcher-5.6.4.jar
Launcher Type: SUN_STANDARD

Environment Variables:
PATH=C:\ProgramData\Oracle\Java\javapath;C:\Windows\system32;C:\Windows;C:\Windows\System32\Wbem;C:\Windows\System32\WindowsPowerShell\v1.0\;C:\Program Files\Microsoft\Web Platform Installer\;C:\Program Files (x86)\Microsoft ASP.NET\ASP.NET Web Pages\v1.0\;C:\Program Files\Microsoft SQL Server\110\Tools\Binn\;C:\Program Files (x86)\Windows Kits\8.0\Windows Performance Toolkit\;C:\Program Files\MATLAB\R2017a\runtime\win64;C:\Program Files\MATLAB\R2017a\bin;C:\Program Files\Java\jdk1.8.0_161\bin;C:\Program Files\Java\jdk-13.0.1\bin
USERNAME=NALIN
OS=Windows_NT
PROCESSOR_IDENTIFIER=Intel64 Family 6 Model 61 Stepping 4, GenuineIntel



---------------  S Y S T E M  ---------------

OS: Windows 10.0 , 64 bit Build 10586 (10.0.10586.589)

CPU:total 4 (initial active 4) (2 cores per cpu, 2 threads per core) family 6 model 61 stepping 4, cmov, cx8, fxsr, mmx, sse, sse2, sse3, ssse3, sse4.1, sse4.2, popcnt, avx, avx2, aes, clmul, erms, 3dnowpref, lzcnt, ht, tsc, tscinvbit, bmi1, bmi2, adx

Memory: 4k page, physical 4111920k(130208k free), swap 16694832k(6960k free)

vm_info: OpenJDK 64-Bit Server VM (25.212-b04) for windows-amd64 JRE (1.8.0_212-release-1586-b04), built by "builder" with MS VC++ 10.0 (VS2010)

time: Mon Mar 23 19:10:18 2020
timezone: Sri Lanka Standard Time
elapsed time: 1091 seconds (0d 0h 18m 11s)

