#
# There is insufficient memory for the Java Runtime Environment to continue.
# Native memory allocation (malloc) failed to allocate 32744 bytes for ChunkPool::allocate
# Possible reasons:
#   The system is out of physical RAM or swap space
#   The process is running with CompressedOops enabled, and the Java Heap may be blocking the growth of the native heap
# Possible solutions:
#   Reduce memory load on the system
#   Increase physical memory or swap space
#   Check if swap backing store is full
#   Decrease Java heap size (-Xmx/-Xms)
#   Decrease number of Java threads
#   Decrease Java thread stack sizes (-Xss)
#   Set larger code cache with -XX:ReservedCodeCacheSize=
#   JVM is running with Unscaled Compressed Oops mode in which the Java heap is
#     placed in the first 4GB address space. The Java Heap base address is the
#     maximum limit for the native heap growth. Please use -XX:HeapBaseMinAddress
#     to set the Java Heap base and to place the Java Heap above 4GB virtual address.
# This output file may be truncated or incomplete.
#
#  Out of Memory Error (allocation.cpp:272), pid=5924, tid=0x0000000000003568
#
# JRE version: OpenJDK Runtime Environment (8.0_212-b04) (build 1.8.0_212-release-1586-b04)
# Java VM: OpenJDK 64-Bit Server VM (25.212-b04 mixed mode windows-amd64 compressed oops)
# Failed to write core dump. Minidumps are not enabled by default on client versions of Windows
#

---------------  T H R E A D  ---------------

Current thread (0x000000001600d800):  JavaThread "C1 CompilerThread2" daemon [_thread_in_native, id=13672, stack(0x0000000017830000,0x0000000017930000)]

Stack: [0x0000000017830000,0x0000000017930000]
[error occurred during error reporting (printing stack bounds), id 0xc0000005]

Native frames: (J=compiled Java code, j=interpreted, Vv=VM code, C=native code)


Current CompileTask:
C1: 189805 12116 %     3       org.objectweb.asm.ClassReader::accept @ 1223 (1250 bytes)


---------------  P R O C E S S  ---------------

Java Threads: ( => current thread )
  0x0000000019e49000 JavaThread "Execution worker for ':' Thread 3" [_thread_in_Java, id=11700, stack(0x0000000026b20000,0x0000000026c20000)]
  0x0000000019e4b000 JavaThread "Execution worker for ':' Thread 2" [_thread_blocked, id=5336, stack(0x0000000026a20000,0x0000000026b20000)]
  0x0000000019e4a800 JavaThread "Execution worker for ':'" [_thread_in_native, id=8940, stack(0x0000000026920000,0x0000000026a20000)]
  0x0000000018c38000 JavaThread "Cache worker for file content cache (C:\Users\NALIN\Desktop\Final_Project\UniversityStudents\.gradle\5.6.4\fileContent)" [_thread_blocked, id=1924, stack(0x0000000026620000,0x0000000026720000)]
  0x0000000018c36800 JavaThread "Cache worker for Build Output Cleanup Cache (C:\Users\NALIN\Desktop\Final_Project\UniversityStudents\.gradle\buildOutputCleanup)" [_thread_blocked, id=18656, stack(0x0000000026120000,0x0000000026220000)]
  0x0000000018c35800 JavaThread "build-scan-worker-0" [_thread_blocked, id=12040, stack(0x0000000025e20000,0x0000000025f20000)]
  0x0000000018780800 JavaThread "Build operations Thread 4" [_thread_blocked, id=15056, stack(0x0000000025d20000,0x0000000025e20000)]
  0x000000001877f000 JavaThread "Build operations Thread 3" [_thread_blocked, id=15696, stack(0x0000000025c20000,0x0000000025d20000)]
  0x000000001877e800 JavaThread "Build operations Thread 2" [_thread_blocked, id=2092, stack(0x0000000025b20000,0x0000000025c20000)]
  0x0000000018780000 JavaThread "Build operations" [_thread_blocked, id=9312, stack(0x0000000025a20000,0x0000000025b20000)]
  0x0000000018777000 JavaThread "Cache worker for cache directory md-rule (C:\Users\NALIN\.gradle\caches\5.6.4\md-rule)" [_thread_blocked, id=13388, stack(0x0000000025620000,0x0000000025720000)]
  0x000000001877d000 JavaThread "Cache worker for cache directory md-supplier (C:\Users\NALIN\.gradle\caches\5.6.4\md-supplier)" [_thread_blocked, id=3896, stack(0x0000000025520000,0x0000000025620000)]
  0x0000000018775800 JavaThread "Cache worker for file hash cache (C:\Users\NALIN\Desktop\Final_Project\UniversityStudents\.gradle\5.6.4\fileHashes)" [_thread_blocked, id=11404, stack(0x0000000025420000,0x0000000025520000)]
  0x000000001877c000 JavaThread "Thread-37" [_thread_blocked, id=8492, stack(0x0000000025320000,0x0000000025420000)]
  0x0000000018774800 JavaThread "Stdin handler" [_thread_blocked, id=6032, stack(0x0000000025220000,0x0000000025320000)]
  0x000000001877a800 JavaThread "Asynchronous log dispatcher for DefaultDaemonConnection: socket connection from /127.0.0.1:30348 to /127.0.0.1:30418" [_thread_blocked, id=11548, stack(0x0000000025120000,0x0000000025220000)]
  0x0000000018774000 JavaThread "Daemon worker Thread 2" [_thread_in_native, id=12000, stack(0x0000000025020000,0x0000000025120000)]
  0x000000001877a000 JavaThread "Cancel handler" [_thread_blocked, id=15692, stack(0x0000000024f20000,0x0000000025020000)]
  0x0000000018776000 JavaThread "Handler for socket connection from /127.0.0.1:30348 to /127.0.0.1:30418" [_thread_in_native, id=20972, stack(0x0000000024e20000,0x0000000024f20000)]
  0x0000000018777800 JavaThread "Daemon Thread 2" [_thread_blocked, id=21060, stack(0x0000000024d20000,0x0000000024e20000)]
  0x000000001877b800 JavaThread "Cache worker for Java compile cache (C:\Users\NALIN\.gradle\caches\5.6.4\javaCompile)" [_thread_blocked, id=19640, stack(0x0000000023c00000,0x0000000023d00000)]
  0x000000001877d800 JavaThread "Cache worker for file content cache (C:\Users\NALIN\.gradle\caches\5.6.4\fileContent)" [_thread_blocked, id=12556, stack(0x0000000023000000,0x0000000023100000)]
  0x0000000018778800 JavaThread "Memory manager" [_thread_blocked, id=16492, stack(0x0000000022c10000,0x0000000022d10000)]
  0x0000000018779000 JavaThread "Cache worker for execution history cache (C:\Users\NALIN\.gradle\caches\5.6.4\executionHistory)" [_thread_blocked, id=16592, stack(0x0000000020150000,0x0000000020250000)]
  0x0000000018c32800 JavaThread "Cache worker for journal cache (C:\Users\NALIN\.gradle\caches\journal-1)" [_thread_blocked, id=12996, stack(0x000000001bcf0000,0x000000001bdf0000)]
  0x0000000018c37000 JavaThread "File lock request listener" [_thread_in_native, id=8912, stack(0x000000001bbf0000,0x000000001bcf0000)]
  0x0000000018c32000 JavaThread "Cache worker for file hash cache (C:\Users\NALIN\.gradle\caches\5.6.4\fileHashes)" [_thread_blocked, id=16676, stack(0x000000001b8f0000,0x000000001b9f0000)]
  0x00000000182eb000 JavaThread "Daemon periodic checks" [_thread_blocked, id=1484, stack(0x000000001aef0000,0x000000001aff0000)]
  0x00000000198fc800 JavaThread "Incoming local TCP Connector on port 30348" [_thread_in_native, id=23544, stack(0x000000001ad10000,0x000000001ae10000)]
  0x0000000019844800 JavaThread "Daemon health stats" [_thread_blocked, id=15904, stack(0x000000001a6d0000,0x000000001a7d0000)]
  0x000000001795a800 JavaThread "Service Thread" daemon [_thread_blocked, id=20968, stack(0x0000000017d30000,0x0000000017e30000)]
=>0x000000001600d800 JavaThread "C1 CompilerThread2" daemon [_thread_in_native, id=13672, stack(0x0000000017830000,0x0000000017930000)]
  0x0000000016000800 JavaThread "C2 CompilerThread1" daemon [_thread_in_native, id=16216, stack(0x0000000017730000,0x0000000017830000)]
  0x0000000015ffb000 JavaThread "C2 CompilerThread0" daemon [_thread_in_native, id=17140, stack(0x0000000017630000,0x0000000017730000)]
  0x0000000015ff9800 JavaThread "Attach Listener" daemon [_thread_blocked, id=7740, stack(0x0000000017530000,0x0000000017630000)]
  0x0000000015ff8000 JavaThread "Signal Dispatcher" daemon [_thread_blocked, id=20496, stack(0x0000000017430000,0x0000000017530000)]
  0x000000000268b000 JavaThread "Finalizer" daemon [_thread_blocked, id=13564, stack(0x0000000017250000,0x0000000017350000)]
  0x0000000015fe9000 JavaThread "Reference Handler" daemon [_thread_blocked, id=13264, stack(0x0000000017150000,0x0000000017250000)]
  0x000000000255d800 JavaThread "main" [_thread_blocked, id=11056, stack(0x0000000002390000,0x0000000002490000)]

Other Threads:
  0x0000000015fc6000 VMThread [stack: 0x0000000017050000,0x0000000017150000] [id=6860]
  0x0000000017974800 WatcherThread [stack: 0x0000000017e30000,0x0000000017f30000] [id=19080]

VM state:not at safepoint (normal execution)

VM Mutex/Monitor currently owned by a thread: None

OutOfMemory and StackOverflow Exception counts:
OutOfMemoryError java_heap_errors=1

heap address: 0x00000000a0000000, size: 1536 MB, Compressed Oops mode: 32-bit
Narrow klass base: 0x0000000000000000, Narrow klass shift: 3
Compressed class space size: 1073741824 Address: 0x0000000100000000

Heap:
 PSYoungGen      total 155136K, used 27067K [0x00000000e0000000, 0x00000000eb580000, 0x0000000100000000)
  eden space 129536K, 5% used [0x00000000e0000000,0x00000000e0772848,0x00000000e7e80000)
  from space 25600K, 75% used [0x00000000e9780000,0x00000000eaa7c788,0x00000000eb080000)
  to   space 25600K, 0% used [0x00000000e7e80000,0x00000000e7e80000,0x00000000e9780000)
 ParOldGen       total 175104K, used 61524K [0x00000000a0000000, 0x00000000aab00000, 0x00000000e0000000)
  object space 175104K, 35% used [0x00000000a0000000,0x00000000a3c153c8,0x00000000aab00000)
 Metaspace       used 94461K, capacity 98060K, committed 98344K, reserved 1134592K
  class space    used 12498K, capacity 13269K, committed 13352K, reserved 1048576K

Card table byte_map: [0x0000000011a50000,0x0000000011d60000] byte_map_base: 0x0000000011550000

Marking Bits: (ParMarkBitMap*) 0x0000000071809f30
 Begin Bits: [0x0000000012360000, 0x0000000013b60000)
 End Bits:   [0x0000000013b60000, 0x0000000015360000)

Polling page: 0x0000000000be0000

CodeCache: size=245760Kb used=33800Kb max_used=34051Kb free=211959Kb
 bounds [0x0000000002690000, 0x0000000004810000, 0x0000000011690000]
 total_blobs=11178 nmethods=10286 adapters=804
 compilation: enabled

Compilation events (10 events):
Event: 189.592 Thread 0x000000001600d800 nmethod 12109 0x0000000002d0b4d0 code [0x0000000002d0b660, 0x0000000002d0ba28]
Event: 189.592 Thread 0x000000001600d800 12111       2       com.sun.org.apache.xerces.internal.impl.XMLEntityScanner::checkLimit (253 bytes)
Event: 189.596 Thread 0x000000001600d800 nmethod 12111 0x0000000004370890 code [0x0000000004370b60, 0x0000000004371c28]
Event: 189.596 Thread 0x000000001600d800 12112       1       com.google.common.collect.RegularImmutableMap::isPartialView (2 bytes)
Event: 189.596 Thread 0x000000001600d800 nmethod 12112 0x00000000041c5510 code [0x00000000041c5660, 0x00000000041c5770]
Event: 189.596 Thread 0x000000001600d800 12113       1       com.android.ide.common.symbols.SymbolTable$SymbolTableImpl::getSymbols (5 bytes)
Event: 189.596 Thread 0x000000001600d800 nmethod 12113 0x00000000043705d0 code [0x0000000004370720, 0x0000000004370830]
Event: 189.596 Thread 0x000000001600d800 12110       2       com.sun.org.apache.xerces.internal.impl.XMLDocumentScannerImpl::refresh (71 bytes)
Event: 189.596 Thread 0x000000001600d800 nmethod 12110 0x0000000002cb6c90 code [0x0000000002cb6e00, 0x0000000002cb7058]
Event: 189.681 Thread 0x000000001600d800 12116 %     3       org.objectweb.asm.ClassReader::accept @ 1223 (1250 bytes)

GC Heap History (10 events):
Event: 167.652 GC heap before
{Heap before GC invocations=21 (full 3):
 PSYoungGen      total 139264K, used 139232K [0x00000000e0000000, 0x00000000e9680000, 0x0000000100000000)
  eden space 124416K, 100% used [0x00000000e0000000,0x00000000e7980000,0x00000000e7980000)
  from space 14848K, 99% used [0x00000000e7980000,0x00000000e87f83c0,0x00000000e8800000)
  to   space 9216K, 0% used [0x00000000e8d80000,0x00000000e8d80000,0x00000000e9680000)
 ParOldGen       total 67584K, used 38784K [0x00000000a0000000, 0x00000000a4200000, 0x00000000e0000000)
  object space 67584K, 57% used [0x00000000a0000000,0x00000000a25e0328,0x00000000a4200000)
 Metaspace       used 75155K, capacity 77718K, committed 77992K, reserved 1116160K
  class space    used 9944K, capacity 10552K, committed 10664K, reserved 1048576K
Event: 167.813 GC heap after
Heap after GC invocations=21 (full 3):
 PSYoungGen      total 130048K, used 9203K [0x00000000e0000000, 0x00000000eb200000, 0x0000000100000000)
  eden space 120832K, 0% used [0x00000000e0000000,0x00000000e0000000,0x00000000e7600000)
  from space 9216K, 99% used [0x00000000e8d80000,0x00000000e967ce20,0x00000000e9680000)
  to   space 24064K, 0% used [0x00000000e7600000,0x00000000e7600000,0x00000000e8d80000)
 ParOldGen       total 67584K, used 54504K [0x00000000a0000000, 0x00000000a4200000, 0x00000000e0000000)
  object space 67584K, 80% used [0x00000000a0000000,0x00000000a353a120,0x00000000a4200000)
 Metaspace       used 75155K, capacity 77718K, committed 77992K, reserved 1116160K
  class space    used 9944K, capacity 10552K, committed 10664K, reserved 1048576K
}
Event: 180.188 GC heap before
{Heap before GC invocations=22 (full 3):
 PSYoungGen      total 130048K, used 130035K [0x00000000e0000000, 0x00000000eb200000, 0x0000000100000000)
  eden space 120832K, 100% used [0x00000000e0000000,0x00000000e7600000,0x00000000e7600000)
  from space 9216K, 99% used [0x00000000e8d80000,0x00000000e967ce20,0x00000000e9680000)
  to   space 24064K, 0% used [0x00000000e7600000,0x00000000e7600000,0x00000000e8d80000)
 ParOldGen       total 67584K, used 54504K [0x00000000a0000000, 0x00000000a4200000, 0x00000000e0000000)
  object space 67584K, 80% used [0x00000000a0000000,0x00000000a353a120,0x00000000a4200000)
 Metaspace       used 84694K, capacity 87844K, committed 88104K, reserved 1126400K
  class space    used 11095K, capacity 11809K, committed 11816K, reserved 1048576K
Event: 180.244 GC heap after
Heap after GC invocations=22 (full 3):
 PSYoungGen      total 144896K, used 17966K [0x00000000e0000000, 0x00000000eb080000, 0x0000000100000000)
  eden space 120832K, 0% used [0x00000000e0000000,0x00000000e0000000,0x00000000e7600000)
  from space 24064K, 74% used [0x00000000e7600000,0x00000000e878bbc0,0x00000000e8d80000)
  to   space 25600K, 0% used [0x00000000e9780000,0x00000000e9780000,0x00000000eb080000)
 ParOldGen       total 67584K, used 61344K [0x00000000a0000000, 0x00000000a4200000, 0x00000000e0000000)
  object space 67584K, 90% used [0x00000000a0000000,0x00000000a3be8268,0x00000000a4200000)
 Metaspace       used 84694K, capacity 87844K, committed 88104K, reserved 1126400K
  class space    used 11095K, capacity 11809K, committed 11816K, reserved 1048576K
}
Event: 180.244 GC heap before
{Heap before GC invocations=23 (full 4):
 PSYoungGen      total 144896K, used 17966K [0x00000000e0000000, 0x00000000eb080000, 0x0000000100000000)
  eden space 120832K, 0% used [0x00000000e0000000,0x00000000e0000000,0x00000000e7600000)
  from space 24064K, 74% used [0x00000000e7600000,0x00000000e878bbc0,0x00000000e8d80000)
  to   space 25600K, 0% used [0x00000000e9780000,0x00000000e9780000,0x00000000eb080000)
 ParOldGen       total 67584K, used 61344K [0x00000000a0000000, 0x00000000a4200000, 0x00000000e0000000)
  object space 67584K, 90% used [0x00000000a0000000,0x00000000a3be8268,0x00000000a4200000)
 Metaspace       used 84694K, capacity 87844K, committed 88104K, reserved 1126400K
  class space    used 11095K, capacity 11809K, committed 11816K, reserved 1048576K
Event: 181.060 GC heap after
Heap after GC invocations=23 (full 4):
 PSYoungGen      total 144896K, used 0K [0x00000000e0000000, 0x00000000eb080000, 0x0000000100000000)
  eden space 120832K, 0% used [0x00000000e0000000,0x00000000e0000000,0x00000000e7600000)
  from space 24064K, 0% used [0x00000000e7600000,0x00000000e7600000,0x00000000e8d80000)
  to   space 25600K, 0% used [0x00000000e9780000,0x00000000e9780000,0x00000000eb080000)
 ParOldGen       total 175104K, used 61500K [0x00000000a0000000, 0x00000000aab00000, 0x00000000e0000000)
  object space 175104K, 35% used [0x00000000a0000000,0x00000000a3c0f3c8,0x00000000aab00000)
 Metaspace       used 83695K, capacity 86554K, committed 88104K, reserved 1126400K
  class space    used 10951K, capacity 11625K, committed 11816K, reserved 1048576K
}
Event: 185.170 GC heap before
{Heap before GC invocations=24 (full 4):
 PSYoungGen      total 144896K, used 120832K [0x00000000e0000000, 0x00000000eb080000, 0x0000000100000000)
  eden space 120832K, 100% used [0x00000000e0000000,0x00000000e7600000,0x00000000e7600000)
  from space 24064K, 0% used [0x00000000e7600000,0x00000000e7600000,0x00000000e8d80000)
  to   space 25600K, 0% used [0x00000000e9780000,0x00000000e9780000,0x00000000eb080000)
 ParOldGen       total 175104K, used 61500K [0x00000000a0000000, 0x00000000aab00000, 0x00000000e0000000)
  object space 175104K, 35% used [0x00000000a0000000,0x00000000a3c0f3c8,0x00000000aab00000)
 Metaspace       used 92315K, capacity 95750K, committed 96040K, reserved 1132544K
  class space    used 12284K, capacity 13064K, committed 13096K, reserved 1048576K
Event: 185.256 GC heap after
Heap after GC invocations=24 (full 4):
 PSYoungGen      total 155136K, used 14546K [0x00000000e0000000, 0x00000000eb580000, 0x0000000100000000)
  eden space 129536K, 0% used [0x00000000e0000000,0x00000000e0000000,0x00000000e7e80000)
  from space 25600K, 56% used [0x00000000e9780000,0x00000000ea5b4a40,0x00000000eb080000)
  to   space 25600K, 0% used [0x00000000e7e80000,0x00000000e7e80000,0x00000000e9780000)
 ParOldGen       total 175104K, used 61508K [0x00000000a0000000, 0x00000000aab00000, 0x00000000e0000000)
  object space 175104K, 35% used [0x00000000a0000000,0x00000000a3c113c8,0x00000000aab00000)
 Metaspace       used 92315K, capacity 95750K, committed 96040K, reserved 1132544K
  class space    used 12284K, capacity 13064K, committed 13096K, reserved 1048576K
}
Event: 188.676 GC heap before
{Heap before GC invocations=25 (full 4):
 PSYoungGen      total 155136K, used 144082K [0x00000000e0000000, 0x00000000eb580000, 0x0000000100000000)
  eden space 129536K, 100% used [0x00000000e0000000,0x00000000e7e80000,0x00000000e7e80000)
  from space 25600K, 56% used [0x00000000e9780000,0x00000000ea5b4a40,0x00000000eb080000)
  to   space 25600K, 0% used [0x00000000e7e80000,0x00000000e7e80000,0x00000000e9780000)
 ParOldGen       total 175104K, used 61508K [0x00000000a0000000, 0x00000000aab00000, 0x00000000e0000000)
  object space 175104K, 35% used [0x00000000a0000000,0x00000000a3c113c8,0x00000000aab00000)
 Metaspace       used 94093K, capacity 97612K, committed 97832K, reserved 1134592K
  class space    used 12468K, capacity 13269K, committed 13352K, reserved 1048576K
Event: 188.728 GC heap after
Heap after GC invocations=25 (full 4):
 PSYoungGen      total 155136K, used 19975K [0x00000000e0000000, 0x00000000eb580000, 0x0000000100000000)
  eden space 129536K, 0% used [0x00000000e0000000,0x00000000e0000000,0x00000000e7e80000)
  from space 25600K, 78% used [0x00000000e7e80000,0x00000000e9201e28,0x00000000e9780000)
  to   space 25600K, 0% used [0x00000000e9780000,0x00000000e9780000,0x00000000eb080000)
 ParOldGen       total 175104K, used 61516K [0x00000000a0000000, 0x00000000aab00000, 0x00000000e0000000)
  object space 175104K, 35% used [0x00000000a0000000,0x00000000a3c133c8,0x00000000aab00000)
 Metaspace       used 94093K, capacity 97612K, committed 97832K, reserved 1134592K
  class space    used 12468K, capacity 13269K, committed 13352K, reserved 1048576K
}

Deoptimization events (10 events):
Event: 188.014 Thread 0x0000000019e4b000 Uncommon trap: reason=unstable_if action=reinterpret pc=0x0000000003fb97ec method=com.google.common.cache.LocalCache$AccessQueue.contains(Ljava/lang/Object;)Z @ 14
Event: 188.016 Thread 0x0000000019e4b000 Uncommon trap: reason=unstable_if action=reinterpret pc=0x00000000028b5ef8 method=java.util.concurrent.locks.ReentrantLock$Sync.nonfairTryAcquire(I)Z @ 19
Event: 188.235 Thread 0x0000000019e4a800 Uncommon trap: reason=unstable_if action=reinterpret pc=0x000000000326d82c method=java.lang.String.lastIndexOf([CII[CIII)I @ 17
Event: 188.377 Thread 0x0000000019e49000 Uncommon trap: reason=unstable_if action=reinterpret pc=0x00000000046eabe8 method=org.objectweb.asm.ClassReader.readUTF8(I[C)Ljava/lang/String; @ 11
Event: 188.914 Thread 0x0000000019e49000 Uncommon trap: reason=unstable_if action=reinterpret pc=0x00000000047b2f78 method=org.objectweb.asm.signature.SignatureReader.parseType(Ljava/lang/String;ILorg/objectweb/asm/signature/SignatureVisitor;)I @ 198
Event: 188.925 Thread 0x0000000019e4b000 Uncommon trap: reason=bimorphic action=maybe_recompile pc=0x00000000040b6ca0 method=java.io.BufferedOutputStream.flushBuffer()V @ 20
Event: 188.927 Thread 0x0000000019e4b000 Uncommon trap: reason=unstable_if action=reinterpret pc=0x000000000399cd80 method=java.nio.Buffer.limit(I)Ljava/nio/Buffer; @ 33
Event: 189.005 Thread 0x0000000019e4a800 Uncommon trap: reason=bimorphic action=maybe_recompile pc=0x00000000040b6ca0 method=java.io.BufferedOutputStream.flushBuffer()V @ 20
Event: 189.048 Thread 0x0000000018774000 Uncommon trap: reason=bimorphic action=maybe_recompile pc=0x00000000040b6ca0 method=java.io.BufferedOutputStream.flushBuffer()V @ 20
Event: 189.053 Thread 0x0000000019e4a800 Uncommon trap: reason=bimorphic action=maybe_recompile pc=0x00000000040b6ca0 method=java.io.BufferedOutputStream.flushBuffer()V @ 20

Classes redefined (0 events):
No events

Internal exceptions (10 events):
Event: 187.584 Thread 0x0000000019e4a800 Exception <a 'sun/nio/fs/WindowsException'> (0x00000000e38f7508) thrown at [D:\src\AOSP-openjdk-cygwin\jdk8u\hotspot\src\share\vm\prims\jni.cpp, line 710]
Event: 187.584 Thread 0x0000000019e4a800 Exception <a 'sun/nio/fs/WindowsException'> (0x00000000e38f7d80) thrown at [D:\src\AOSP-openjdk-cygwin\jdk8u\hotspot\src\share\vm\prims\jni.cpp, line 710]
Event: 187.585 Thread 0x0000000019e4a800 Exception <a 'sun/nio/fs/WindowsException'> (0x00000000e38f97f0) thrown at [D:\src\AOSP-openjdk-cygwin\jdk8u\hotspot\src\share\vm\prims\jni.cpp, line 710]
Event: 187.585 Thread 0x0000000019e4a800 Exception <a 'sun/nio/fs/WindowsException'> (0x00000000e38fa160) thrown at [D:\src\AOSP-openjdk-cygwin\jdk8u\hotspot\src\share\vm\prims\jni.cpp, line 710]
Event: 188.371 Thread 0x0000000019e4a800 Exception <a 'sun/nio/fs/WindowsException'> (0x00000000e6710718) thrown at [D:\src\AOSP-openjdk-cygwin\jdk8u\hotspot\src\share\vm\prims\jni.cpp, line 710]
Event: 188.373 Thread 0x0000000019e4b000 Exception <a 'sun/nio/fs/WindowsException'> (0x00000000e4ac9ad0) thrown at [D:\src\AOSP-openjdk-cygwin\jdk8u\hotspot\src\share\vm\prims\jni.cpp, line 710]
Event: 188.829 Thread 0x0000000018774000 Exception <a 'sun/nio/fs/WindowsException'> (0x00000000e100c680) thrown at [D:\src\AOSP-openjdk-cygwin\jdk8u\hotspot\src\share\vm\prims\jni.cpp, line 710]
Event: 188.894 Thread 0x0000000018774000 Exception <a 'sun/nio/fs/WindowsException'> (0x00000000e102bef8) thrown at [D:\src\AOSP-openjdk-cygwin\jdk8u\hotspot\src\share\vm\prims\jni.cpp, line 710]
Event: 189.337 Thread 0x0000000019e4a800 Exception <a 'sun/nio/fs/WindowsException'> (0x00000000e41dfc30) thrown at [D:\src\AOSP-openjdk-cygwin\jdk8u\hotspot\src\share\vm\prims\jni.cpp, line 710]
Event: 189.552 Thread 0x0000000019e4b000 Exception <a 'sun/nio/fs/WindowsException'> (0x00000000e5bd4f60) thrown at [D:\src\AOSP-openjdk-cygwin\jdk8u\hotspot\src\share\vm\prims\jni.cpp, line 710]

Events (10 events):
Event: 189.047 Thread 0x0000000018774000 Uncommon trap: trap_request=0xffffffc6 fr.pc=0x00000000040b6ca0
Event: 189.047 Executing VM operation: RevokeBias
Event: 189.048 Executing VM operation: RevokeBias done
Event: 189.048 Thread 0x0000000018774000 DEOPT PACKING pc=0x00000000040b6ca0 sp=0x0000000025118fa0
Event: 189.048 Thread 0x0000000018774000 DEOPT UNPACKING pc=0x00000000026d557b sp=0x0000000025118ee8 mode 2
Event: 189.051 Thread 0x0000000019e49000 DEOPT PACKING pc=0x0000000004769810 sp=0x0000000026c1beb0
Event: 189.051 Thread 0x0000000019e49000 DEOPT UNPACKING pc=0x00000000026d75d0 sp=0x0000000026c1bc08 mode 0
Event: 189.053 Thread 0x0000000019e4a800 Uncommon trap: trap_request=0xffffffc6 fr.pc=0x00000000040b6ca0
Event: 189.053 Thread 0x0000000019e4a800 DEOPT PACKING pc=0x00000000040b6ca0 sp=0x0000000026a1be20
Event: 189.053 Thread 0x0000000019e4a800 DEOPT UNPACKING pc=0x00000000026d557b sp=0x0000000026a1bd68 mode 2


Dynamic libraries:
0x00007ff7e8120000 - 0x00007ff7e8151000 	C:\Program Files\Android\Android Studio\jre\bin\java.exe
0x00007ff84eff0000 - 0x00007ff84f1b1000 	C:\Windows\SYSTEM32\ntdll.dll
0x00007ff84cbf0000 - 0x00007ff84cc9d000 	C:\Windows\system32\KERNEL32.DLL
0x00007ff84b6f0000 - 0x00007ff84b8d8000 	C:\Windows\system32\KERNELBASE.dll
0x00007ff84ec00000 - 0x00007ff84eca7000 	C:\Windows\system32\ADVAPI32.dll
0x00007ff84c3f0000 - 0x00007ff84c48d000 	C:\Windows\system32\msvcrt.dll
0x00007ff84d220000 - 0x00007ff84d27b000 	C:\Windows\system32\sechost.dll
0x00007ff84c950000 - 0x00007ff84ca6d000 	C:\Windows\system32\RPCRT4.dll
0x00007ff84eaa0000 - 0x00007ff84ebf6000 	C:\Windows\system32\USER32.dll
0x00007ff84d3b0000 - 0x00007ff84d537000 	C:\Windows\system32\GDI32.dll
0x00007ff839f90000 - 0x00007ff83a204000 	C:\Windows\WinSxS\amd64_microsoft.windows.common-controls_6595b64144ccf1df_6.0.10586.839_none_a2ddba30a539a2ae\COMCTL32.dll
0x00007ff84ed70000 - 0x00007ff84efee000 	C:\Windows\system32\combase.dll
0x00007ff84c000000 - 0x00007ff84c06a000 	C:\Windows\system32\bcryptPrimitives.dll
0x00007ff84ed30000 - 0x00007ff84ed6b000 	C:\Windows\system32\IMM32.DLL
0x0000000071d80000 - 0x0000000071e52000 	C:\Program Files\Android\Android Studio\jre\jre\bin\msvcr100.dll
0x0000000071040000 - 0x0000000071886000 	C:\Program Files\Android\Android Studio\jre\jre\bin\server\jvm.dll
0x00007ff84c940000 - 0x00007ff84c948000 	C:\Windows\system32\PSAPI.DLL
0x00007ff849dd0000 - 0x00007ff849df3000 	C:\Windows\SYSTEM32\WINMM.dll
0x00007ff83e3b0000 - 0x00007ff83e3ba000 	C:\Windows\SYSTEM32\VERSION.dll
0x00007ff83f960000 - 0x00007ff83f969000 	C:\Windows\SYSTEM32\WSOCK32.dll
0x00007ff84ecb0000 - 0x00007ff84ed1b000 	C:\Windows\system32\WS2_32.dll
0x0000000000b90000 - 0x0000000000bbc000 	C:\Windows\SYSTEM32\WINMMBASE.dll
0x00007ff84b6a0000 - 0x00007ff84b6e3000 	C:\Windows\system32\cfgmgr32.dll
0x00007ff83f950000 - 0x00007ff83f95f000 	C:\Program Files\Android\Android Studio\jre\jre\bin\verify.dll
0x00007ff837c50000 - 0x00007ff837c79000 	C:\Program Files\Android\Android Studio\jre\jre\bin\java.dll
0x00007ff83d870000 - 0x00007ff83d886000 	C:\Program Files\Android\Android Studio\jre\jre\bin\zip.dll
0x00007ff84d540000 - 0x00007ff84ea9c000 	C:\Windows\system32\SHELL32.dll
0x00007ff84b900000 - 0x00007ff84bf45000 	C:\Windows\system32\windows.storage.dll
0x00007ff84d280000 - 0x00007ff84d2d2000 	C:\Windows\system32\shlwapi.dll
0x00007ff84b680000 - 0x00007ff84b68f000 	C:\Windows\system32\kernel.appcore.dll
0x00007ff84c0d0000 - 0x00007ff84c185000 	C:\Windows\system32\shcore.dll
0x00007ff84b610000 - 0x00007ff84b65b000 	C:\Windows\system32\powrprof.dll
0x00007ff84b660000 - 0x00007ff84b674000 	C:\Windows\system32\profapi.dll
0x00007ff838910000 - 0x00007ff83892a000 	C:\Program Files\Android\Android Studio\jre\jre\bin\net.dll
0x00007ff83f200000 - 0x00007ff83f3b7000 	C:\Windows\SYSTEM32\urlmon.dll
0x00007ff841dc0000 - 0x00007ff84214a000 	C:\Windows\SYSTEM32\iertutil.dll
0x00007ff84aee0000 - 0x00007ff84af3c000 	C:\Windows\system32\mswsock.dll
0x00007ff837b70000 - 0x00007ff837b83000 	C:\Program Files\Android\Android Studio\jre\jre\bin\nio.dll
0x00007ff832c70000 - 0x00007ff832c96000 	C:\Users\NALIN\.gradle\native\30\windows-amd64\native-platform.dll
0x00007ff83f670000 - 0x00007ff83f67d000 	C:\Program Files\Android\Android Studio\jre\jre\bin\management.dll
0x00007ff84af90000 - 0x00007ff84afa7000 	C:\Windows\SYSTEM32\CRYPTSP.dll
0x00007ff84ac20000 - 0x00007ff84ac54000 	C:\Windows\system32\rsaenh.dll
0x00007ff84b540000 - 0x00007ff84b569000 	C:\Windows\SYSTEM32\bcrypt.dll
0x00007ff84ad70000 - 0x00007ff84ad8f000 	C:\Windows\SYSTEM32\USERENV.dll
0x00007ff84b530000 - 0x00007ff84b53b000 	C:\Windows\SYSTEM32\CRYPTBASE.dll
0x00007ff8492f0000 - 0x00007ff849328000 	C:\Windows\SYSTEM32\IPHLPAPI.DLL
0x00007ff84ca70000 - 0x00007ff84ca78000 	C:\Windows\system32\NSI.dll
0x00007ff83fe60000 - 0x00007ff83fe76000 	C:\Windows\SYSTEM32\dhcpcsvc6.DLL
0x00007ff83fe40000 - 0x00007ff83fe5a000 	C:\Windows\SYSTEM32\dhcpcsvc.DLL
0x00007ff8368c0000 - 0x00007ff8368e4000 	C:\Program Files\Android\Android Studio\jre\jre\bin\sunec.dll
0x00007ff84a1f0000 - 0x00007ff84a29a000 	C:\Windows\SYSTEM32\DNSAPI.dll
0x00007ff83e5f0000 - 0x00007ff83e5fa000 	C:\Windows\System32\rasadhlp.dll
0x00007ff8404c0000 - 0x00007ff840527000 	C:\Windows\System32\fwpuclnt.dll
0x00007ff844280000 - 0x00007ff84428b000 	C:\Program Files\Android\Android Studio\jre\jre\bin\sunmscapi.dll
0x00007ff84c190000 - 0x00007ff84c358000 	C:\Windows\system32\CRYPT32.dll
0x00007ff84b690000 - 0x00007ff84b6a0000 	C:\Windows\system32\MSASN1.dll
0x00007ff83a940000 - 0x00007ff83a956000 	C:\Windows\system32\napinsp.dll
0x00007ff83b7d0000 - 0x00007ff83b7ea000 	C:\Windows\system32\pnrpnsp.dll
0x00007ff849760000 - 0x00007ff849778000 	C:\Windows\system32\NLAapi.dll
0x00007ff83eaf0000 - 0x00007ff83eafd000 	C:\Windows\System32\winrnr.dll
0x00007ff83eb00000 - 0x00007ff83eb15000 	C:\Windows\System32\wshbth.dll
0x00007ff84a480000 - 0x00007ff84a4b1000 	C:\Windows\SYSTEM32\ntmarta.dll
0x00007ff839060000 - 0x00007ff8390fc000 	C:\Windows\SYSTEM32\efswrt.dll
0x00007ff84d2e0000 - 0x00007ff84d3a6000 	C:\Windows\system32\OLEAUT32.dll
0x00007ff8433b0000 - 0x00007ff8434e6000 	C:\Windows\SYSTEM32\wintypes.dll
0x00007ff839a50000 - 0x00007ff839aa0000 	C:\Windows\SYSTEM32\edputil.dll

VM Arguments:
jvm_args: -Xmx1536m -Dfile.encoding=windows-1252 -Duser.country=US -Duser.language=en -Duser.variant 
java_command: org.gradle.launcher.daemon.bootstrap.GradleDaemon 5.6.4
java_class_path (initial): C:\Users\NALIN\.gradle\wrapper\dists\gradle-5.6.4-all\ankdp27end7byghfw1q2sw75f\gradle-5.6.4\lib\gradle-launcher-5.6.4.jar
Launcher Type: SUN_STANDARD

Environment Variables:
PATH=C:\ProgramData\Oracle\Java\javapath;C:\Windows\system32;C:\Windows;C:\Windows\System32\Wbem;C:\Windows\System32\WindowsPowerShell\v1.0\;C:\Program Files\Microsoft\Web Platform Installer\;C:\Program Files (x86)\Microsoft ASP.NET\ASP.NET Web Pages\v1.0\;C:\Program Files\Microsoft SQL Server\110\Tools\Binn\;C:\Program Files (x86)\Windows Kits\8.0\Windows Performance Toolkit\;C:\Program Files\MATLAB\R2017a\runtime\win64;C:\Program Files\MATLAB\R2017a\bin;C:\Program Files\Java\jdk1.8.0_161\bin;C:\Program Files\Java\jdk-13.0.1\bin;C:\Program Files\Git\cmd
USERNAME=NALIN
OS=Windows_NT
PROCESSOR_IDENTIFIER=Intel64 Family 6 Model 61 Stepping 4, GenuineIntel



---------------  S Y S T E M  ---------------

OS: Windows 10.0 , 64 bit Build 10586 (10.0.10586.589)

CPU:total 4 (initial active 4) (2 cores per cpu, 2 threads per core) family 6 model 61 stepping 4, cmov, cx8, fxsr, mmx, sse, sse2, sse3, ssse3, sse4.1, sse4.2, popcnt, avx, avx2, aes, clmul, erms, 3dnowpref, lzcnt, ht, tsc, tscinvbit, bmi1, bmi2, adx

Memory: 4k page, physical 4111920k(400280k free), swap 16694832k(8148k free)

vm_info: OpenJDK 64-Bit Server VM (25.212-b04) for windows-amd64 JRE (1.8.0_212-release-1586-b04), built by "builder" with MS VC++ 10.0 (VS2010)

time: Tue Mar 24 09:32:56 2020
timezone: Sri Lanka Standard Time
elapsed time: 189 seconds (0d 0h 3m 9s)

